<?xml version="1.0" encoding="UTF-8"?>
<!-- Generated by org.testng.reporters.JUnitReportReporter -->
<testsuite hostname="LAPTOP-K171VAOP" failures="0" tests="1" name="Amazon_ec2_project.FirstTest" time="4.597" errors="0" timestamp="6 Jun 2022 06:46:48 GMT">
  <testcase classname="Amazon_ec2_project.FirstTest" name="OpenBrowser" time="4.597"/>
</testsuite> <!-- Amazon_ec2_project.FirstTest -->
