<?xml version="1.0" encoding="UTF-8"?>
<!-- Generated by org.testng.reporters.JUnitReportReporter -->
<testsuite hostname="LAPTOP-K171VAOP" name="Amazon_ec2_project.FirstTest" tests="1" failures="0" timestamp="6 Jun 2022 07:55:53 GMT" time="4.543" errors="0">
  <testcase name="OpenBrowser" time="4.543" classname="Amazon_ec2_project.FirstTest"/>
</testsuite> <!-- Amazon_ec2_project.FirstTest -->
